<?xml version="1.0" encoding="UTF-8"?>
<!-- Generated by org.testng.reporters.JUnitReportReporter -->
<testsuite ignored="0" hostname="Opu" failures="0" tests="1" name="test.CreateNewAccountPageTest" time="18.848" errors="0" timestamp="04 Jan 2023 01:20:24 GMT" skipped="0">
  <testcase classname="test.CreateNewAccountPageTest" name="createnewaccountPagetest" time="18.848"/>
</testsuite> <!-- test.CreateNewAccountPageTest -->
