<?xml version="1.0" encoding="UTF-8"?>
<!-- Generated by org.testng.reporters.JUnitReportReporter -->
<testsuite ignored="0" hostname="Opu" failures="0" tests="1" name="test.HomePageTest" time="0.053" errors="0" timestamp="06 Dec 2022 08:50:15 GMT" skipped="0">
  <testcase classname="test.HomePageTest" name="homepage" time="0.053"/>
</testsuite> <!-- test.HomePageTest -->
